<?xml version="1.0" encoding="UTF-8"?>
<!-- Generated by org.testng.reporters.JUnitXMLReporter -->
<testsuite ignored="3" hostname="Anik" failures="0" tests="1" name="Default test" time="1.2" errors="0" timestamp="2023-06-13T14:15:33 CDT">
  <testcase classname="api_Tests.Posts_Test" name="delete_Posts" time="0.76"/>
  <testcase classname="api_Tests.Posts_Test" name="get_Posts" time="0.0">
    <ignored/>
  </testcase> <!-- get_Posts -->
  <testcase classname="api_Tests.Posts_Test" name="put_Posts" time="0.0">
    <ignored/>
  </testcase> <!-- put_Posts -->
  <testcase classname="api_Tests.Posts_Test" name="create_Posts" time="0.0">
    <ignored/>
  </testcase> <!-- create_Posts -->
</testsuite> <!-- Default test -->
