<?xml version="1.0" encoding="UTF-8"?>
<testng-results ignored="3" total="4" passed="1" failed="0" skipped="0">
  <reporter-output>
  </reporter-output>
  <suite started-at="2023-06-13T14:15:32 CDT" name="Default suite" finished-at="2023-06-13T14:15:33 CDT" duration-ms="1200">
    <groups>
    </groups>
    <test started-at="2023-06-13T14:15:32 CDT" name="Default test" finished-at="2023-06-13T14:15:33 CDT" duration-ms="1200">
      <class name="api_Tests.Posts_Test">
        <test-method is-config="true" signature="init()[pri:0, instance:api_Tests.Posts_Test@7205765b]" started-at="2023-06-13T14:15:32 CDT" name="init" finished-at="2023-06-13T14:15:33 CDT" duration-ms="406" status="PASS">
          <reporter-output>
          </reporter-output>
        </test-method> <!-- init -->
        <test-method signature="delete_Posts()[pri:0, instance:api_Tests.Posts_Test@7205765b]" started-at="2023-06-13T14:15:33 CDT" name="delete_Posts" finished-at="2023-06-13T14:15:33 CDT" duration-ms="760" status="PASS">
          <reporter-output>
          </reporter-output>
        </test-method> <!-- delete_Posts -->
      </class> <!-- api_Tests.Posts_Test -->
    </test> <!-- Default test -->
  </suite> <!-- Default suite -->
</testng-results>
